
*** Running vivado
    with args -log top.vdi -applog -m64 -product Vivado -messageDb vivado.pb -mode batch -source top.tcl -notrace


****** Vivado v2017.4 (64-bit)
  **** SW Build 2086221 on Fri Dec 15 20:55:39 MST 2017
  **** IP Build 2085800 on Fri Dec 15 22:25:07 MST 2017
    ** Copyright 1986-2017 Xilinx, Inc. All Rights Reserved.

source top.tcl -notrace
Command: link_design -top top -part xc7a35tcpg236-1
Design is defaulting to srcset: sources_1
Design is defaulting to constrset: constrs_1
INFO: [Netlist 29-17] Analyzing 8 Unisim elements for replacement
INFO: [Netlist 29-28] Unisim Transformation completed in 0 CPU seconds
INFO: [Project 1-479] Netlist was created with Vivado 2017.4
INFO: [Device 21-403] Loading part xc7a35tcpg236-1
INFO: [Project 1-570] Preparing netlist for logic optimization
Parsing XDC File [G:/My Drive/Classes/Fall 2023/FPGA Design/EEL5722-Projects/Lab 4  Display PS 2 Keyboard Input on a VGA Monitor/lab4_constraints.xdc]
Finished Parsing XDC File [G:/My Drive/Classes/Fall 2023/FPGA Design/EEL5722-Projects/Lab 4  Display PS 2 Keyboard Input on a VGA Monitor/lab4_constraints.xdc]
INFO: [Opt 31-138] Pushed 0 inverter(s) to 0 load pin(s).
CRITICAL WARNING: [Project 1-486] Could not resolve non-primitive black box cell 'blk_mem_gen_0' instantiated as 'ROM' [G:/My Drive/Classes/Fall 2023/FPGA Design/EEL5722-Projects/Lab 4  Display PS 2 Keyboard Input on a VGA Monitor/Modules/top.v:19]
INFO: [Project 1-111] Unisim Transformation Summary:
No Unisim elements were transformed.

7 Infos, 0 Warnings, 1 Critical Warnings and 0 Errors encountered.
link_design completed successfully
link_design: Time (s): cpu = 00:00:01 ; elapsed = 00:00:06 . Memory (MB): peak = 612.434 ; gain = 319.992
Command: opt_design
Attempting to get a license for feature 'Implementation' and/or device 'xc7a35t'
INFO: [Common 17-349] Got license for feature 'Implementation' and/or device 'xc7a35t'
Running DRC as a precondition to command opt_design

Starting DRC Task
INFO: [DRC 23-27] Running DRC with 2 threads
ERROR: [DRC INBB-3] Black Box Instances: Cell 'ROM' of type 'blk_mem_gen_0' has undefined contents and is considered a black box.  The contents of this cell must be defined for opt_design to complete successfully.
INFO: [Project 1-461] DRC finished with 1 Errors
INFO: [Project 1-462] Please refer to the DRC report (report_drc) for more information.
ERROR: [Vivado_Tcl 4-78] Error(s) found during DRC. Opt_design not run.

Time (s): cpu = 00:00:00 ; elapsed = 00:00:00.284 . Memory (MB): peak = 625.898 ; gain = 13.465
INFO: [Common 17-83] Releasing license: Implementation
12 Infos, 0 Warnings, 1 Critical Warnings and 2 Errors encountered.
opt_design failed
ERROR: [Common 17-39] 'opt_design' failed due to earlier errors.

INFO: [Common 17-206] Exiting Vivado at Wed Nov 15 10:39:07 2023...
