
*** Running vivado
    with args -log Top.vds -m64 -product Vivado -mode batch -messageDb vivado.pb -notrace -source Top.tcl



****** Vivado v2022.2 (64-bit)
  **** SW Build 3671981 on Fri Oct 14 05:00:03 MDT 2022
  **** IP Build 3669848 on Fri Oct 14 08:30:02 MDT 2022
    ** Copyright 1986-2022 Xilinx, Inc. All Rights Reserved.

source Top.tcl -notrace
Command: read_checkpoint -auto_incremental -incremental {G:/My Drive/Classes/Fall 2023/FPGA Design/Code Drive/Lab 1  Decimal Push Button Counter/Decimal_Clock_Counter/Decimal_Clock_Counter.srcs/utils_1/imports/synth_1/Top.dcp}
INFO: [Vivado 12-5825] Read reference checkpoint from G:/My Drive/Classes/Fall 2023/FPGA Design/Code Drive/Lab 1  Decimal Push Button Counter/Decimal_Clock_Counter/Decimal_Clock_Counter.srcs/utils_1/imports/synth_1/Top.dcp for incremental synthesis
INFO: [Vivado 12-7989] Please ensure there are no constraint changes
Command: synth_design -top Top -part xc7a35tcpg236-1
Starting synth_design
Attempting to get a license for feature 'Synthesis' and/or device 'xc7a35t'
INFO: [Common 17-349] Got license for feature 'Synthesis' and/or device 'xc7a35t'
INFO: [Device 21-403] Loading part xc7a35tcpg236-1
INFO: [Designutils 20-5440] No compile time benefit to using incremental synthesis; A full resynthesis will be run
INFO: [Designutils 20-4379] Flow is switching to default flow due to incremental criteria not met. If you would like to alter this behaviour and have the flow terminate instead, please set the following parameter config_implementation {autoIncr.Synth.RejectBehavior Terminate}
INFO: [Synth 8-7079] Multithreading enabled for synth_design using a maximum of 2 processes.
INFO: [Synth 8-7078] Launching helper process for spawning children vivado processes
INFO: [Synth 8-7075] Helper process launched with PID 41004
INFO: [Synth 8-11241] undeclared symbol 'REGCCE', assumed default net type 'wire' [C:/Xilinx/Vivado/2022.2/data/verilog/src/unimacro/BRAM_SINGLE_MACRO.v:2170]
---------------------------------------------------------------------------------
Starting RTL Elaboration : Time (s): cpu = 00:00:00 ; elapsed = 00:00:04 . Memory (MB): peak = 1205.801 ; gain = 408.273
---------------------------------------------------------------------------------
INFO: [Synth 8-6157] synthesizing module 'Top' [G:/My Drive/Classes/Fall 2023/FPGA Design/Code Drive/Lab 1  Decimal Push Button Counter/Decimal_Pushbutton_Counter/Decimal_Pushbutton_Counter.srcs/sources_1/new/Top.v:23]
INFO: [Synth 8-6157] synthesizing module 'seven_seg_controller' [G:/My Drive/Classes/Fall 2023/FPGA Design/Code Drive/Lab 1  Decimal Push Button Counter/Decimal_Pushbutton_Counter/Decimal_Pushbutton_Counter.srcs/sources_1/new/SevenSegController.v:23]
INFO: [Synth 8-6157] synthesizing module 'seven_seg_converter' [G:/My Drive/Classes/Fall 2023/FPGA Design/Code Drive/Lab 1  Decimal Push Button Counter/Decimal_Pushbutton_Counter/Decimal_Pushbutton_Counter.srcs/sources_1/new/SevenSegConverter.v:23]
INFO: [Synth 8-6155] done synthesizing module 'seven_seg_converter' (0#1) [G:/My Drive/Classes/Fall 2023/FPGA Design/Code Drive/Lab 1  Decimal Push Button Counter/Decimal_Pushbutton_Counter/Decimal_Pushbutton_Counter.srcs/sources_1/new/SevenSegConverter.v:23]
INFO: [Synth 8-6157] synthesizing module 'clk_100Hz' [G:/My Drive/Classes/Fall 2023/FPGA Design/Code Drive/Lab 1  Decimal Push Button Counter/Decimal_Pushbutton_Counter/Decimal_Pushbutton_Counter.srcs/sources_1/new/SevenSegClockDivider.v:23]
INFO: [Synth 8-6155] done synthesizing module 'clk_100Hz' (0#1) [G:/My Drive/Classes/Fall 2023/FPGA Design/Code Drive/Lab 1  Decimal Push Button Counter/Decimal_Pushbutton_Counter/Decimal_Pushbutton_Counter.srcs/sources_1/new/SevenSegClockDivider.v:23]
INFO: [Synth 8-6157] synthesizing module 'seven_seg_display' [G:/My Drive/Classes/Fall 2023/FPGA Design/Code Drive/Lab 1  Decimal Push Button Counter/Decimal_Pushbutton_Counter/Decimal_Pushbutton_Counter.srcs/sources_1/new/SevenSegDisplay.v:23]
INFO: [Synth 8-226] default block is never used [G:/My Drive/Classes/Fall 2023/FPGA Design/Code Drive/Lab 1  Decimal Push Button Counter/Decimal_Pushbutton_Counter/Decimal_Pushbutton_Counter.srcs/sources_1/new/SevenSegDisplay.v:34]
INFO: [Synth 8-6155] done synthesizing module 'seven_seg_display' (0#1) [G:/My Drive/Classes/Fall 2023/FPGA Design/Code Drive/Lab 1  Decimal Push Button Counter/Decimal_Pushbutton_Counter/Decimal_Pushbutton_Counter.srcs/sources_1/new/SevenSegDisplay.v:23]
INFO: [Synth 8-6155] done synthesizing module 'seven_seg_controller' (0#1) [G:/My Drive/Classes/Fall 2023/FPGA Design/Code Drive/Lab 1  Decimal Push Button Counter/Decimal_Pushbutton_Counter/Decimal_Pushbutton_Counter.srcs/sources_1/new/SevenSegController.v:23]
INFO: [Synth 8-6157] synthesizing module 'CSM' [G:/My Drive/Classes/Fall 2023/FPGA Design/Code Drive/Lab 1  Decimal Push Button Counter/Decimal_Pushbutton_Counter/Decimal_Pushbutton_Counter.srcs/sources_1/new/BSM.v:22]
INFO: [Synth 8-6155] done synthesizing module 'CSM' (0#1) [G:/My Drive/Classes/Fall 2023/FPGA Design/Code Drive/Lab 1  Decimal Push Button Counter/Decimal_Pushbutton_Counter/Decimal_Pushbutton_Counter.srcs/sources_1/new/BSM.v:22]
INFO: [Synth 8-6157] synthesizing module 'clk_1Hz' [G:/My Drive/Classes/Fall 2023/FPGA Design/Code Drive/Lab 1  Decimal Push Button Counter/Decimal_Clock_Counter/Decimal_Clock_Counter.srcs/sources_1/new/clk_1Hz.v:23]
INFO: [Synth 8-6155] done synthesizing module 'clk_1Hz' (0#1) [G:/My Drive/Classes/Fall 2023/FPGA Design/Code Drive/Lab 1  Decimal Push Button Counter/Decimal_Clock_Counter/Decimal_Clock_Counter.srcs/sources_1/new/clk_1Hz.v:23]
INFO: [Synth 8-6155] done synthesizing module 'Top' (0#1) [G:/My Drive/Classes/Fall 2023/FPGA Design/Code Drive/Lab 1  Decimal Push Button Counter/Decimal_Pushbutton_Counter/Decimal_Pushbutton_Counter.srcs/sources_1/new/Top.v:23]
---------------------------------------------------------------------------------
Finished RTL Elaboration : Time (s): cpu = 00:00:01 ; elapsed = 00:00:05 . Memory (MB): peak = 1296.039 ; gain = 498.512
---------------------------------------------------------------------------------
---------------------------------------------------------------------------------
Start Handling Custom Attributes
---------------------------------------------------------------------------------
---------------------------------------------------------------------------------
Finished Handling Custom Attributes : Time (s): cpu = 00:00:01 ; elapsed = 00:00:05 . Memory (MB): peak = 1296.039 ; gain = 498.512
---------------------------------------------------------------------------------
---------------------------------------------------------------------------------
Finished RTL Optimization Phase 1 : Time (s): cpu = 00:00:01 ; elapsed = 00:00:05 . Memory (MB): peak = 1296.039 ; gain = 498.512
---------------------------------------------------------------------------------
Netlist sorting complete. Time (s): cpu = 00:00:00 ; elapsed = 00:00:00.001 . Memory (MB): peak = 1296.039 ; gain = 0.000
INFO: [Project 1-570] Preparing netlist for logic optimization

Processing XDC Constraints
Initializing timing engine
Parsing XDC File [G:/My Drive/Classes/Fall 2023/FPGA Design/Basys3_Master.xdc]
Finished Parsing XDC File [G:/My Drive/Classes/Fall 2023/FPGA Design/Basys3_Master.xdc]
INFO: [Project 1-236] Implementation specific constraints were found while reading constraint file [G:/My Drive/Classes/Fall 2023/FPGA Design/Basys3_Master.xdc]. These constraints will be ignored for synthesis but will be used in implementation. Impacted constraints are listed in the file [.Xil/Top_propImpl.xdc].
Resolution: To avoid this warning, move constraints listed in [.Xil/Top_propImpl.xdc] to another XDC file and exclude this new file from synthesis with the used_in_synthesis property (File Properties dialog in GUI) and re-run elaboration/synthesis.
Completed Processing XDC Constraints

Netlist sorting complete. Time (s): cpu = 00:00:00 ; elapsed = 00:00:00 . Memory (MB): peak = 1392.617 ; gain = 0.000
INFO: [Project 1-111] Unisim Transformation Summary:
No Unisim elements were transformed.

Constraint Validation Runtime : Time (s): cpu = 00:00:00 ; elapsed = 00:00:00.011 . Memory (MB): peak = 1392.617 ; gain = 0.000
INFO: [Designutils 20-5440] No compile time benefit to using incremental synthesis; A full resynthesis will be run
INFO: [Designutils 20-4379] Flow is switching to default flow due to incremental criteria not met. If you would like to alter this behaviour and have the flow terminate instead, please set the following parameter config_implementation {autoIncr.Synth.RejectBehavior Terminate}
INFO: [Synth 8-11241] undeclared symbol 'REGCCE', assumed default net type 'wire' [C:/Xilinx/Vivado/2022.2/data/verilog/src/unimacro/BRAM_SINGLE_MACRO.v:2170]
---------------------------------------------------------------------------------
Finished Constraint Validation : Time (s): cpu = 00:00:01 ; elapsed = 00:00:12 . Memory (MB): peak = 1392.617 ; gain = 595.090
---------------------------------------------------------------------------------
---------------------------------------------------------------------------------
Start Loading Part and Timing Information
---------------------------------------------------------------------------------
Loading part: xc7a35tcpg236-1
---------------------------------------------------------------------------------
Finished Loading Part and Timing Information : Time (s): cpu = 00:00:01 ; elapsed = 00:00:12 . Memory (MB): peak = 1392.617 ; gain = 595.090
---------------------------------------------------------------------------------
---------------------------------------------------------------------------------
Start Applying 'set_property' XDC Constraints
---------------------------------------------------------------------------------
---------------------------------------------------------------------------------
Finished applying 'set_property' XDC Constraints : Time (s): cpu = 00:00:01 ; elapsed = 00:00:12 . Memory (MB): peak = 1392.617 ; gain = 595.090
---------------------------------------------------------------------------------
---------------------------------------------------------------------------------
Finished RTL Optimization Phase 2 : Time (s): cpu = 00:00:01 ; elapsed = 00:00:13 . Memory (MB): peak = 1392.617 ; gain = 595.090
---------------------------------------------------------------------------------
---------------------------------------------------------------------------------
Start RTL Component Statistics 
---------------------------------------------------------------------------------
Detailed RTL Component Info : 
+---Adders : 
	   2 Input   27 Bit       Adders := 1     
	   2 Input   20 Bit       Adders := 1     
	   2 Input    5 Bit       Adders := 2     
+---Registers : 
	               27 Bit    Registers := 1     
	               20 Bit    Registers := 1     
	                7 Bit    Registers := 1     
	                4 Bit    Registers := 3     
	                1 Bit    Registers := 3     
+---Muxes : 
	   2 Input    7 Bit        Muxes := 1     
	   2 Input    4 Bit        Muxes := 1     
	   2 Input    1 Bit        Muxes := 3     
---------------------------------------------------------------------------------
Finished RTL Component Statistics 
---------------------------------------------------------------------------------
---------------------------------------------------------------------------------
Start Part Resource Summary
---------------------------------------------------------------------------------
Part Resources:
DSPs: 90 (col length:60)
BRAMs: 100 (col length: RAMB18 60 RAMB36 30)
---------------------------------------------------------------------------------
Finished Part Resource Summary
---------------------------------------------------------------------------------
---------------------------------------------------------------------------------
Start Cross Boundary and Area Optimization
---------------------------------------------------------------------------------
WARNING: [Synth 8-7080] Parallel synthesis criteria is not met
---------------------------------------------------------------------------------
Finished Cross Boundary and Area Optimization : Time (s): cpu = 00:00:01 ; elapsed = 00:00:15 . Memory (MB): peak = 1392.617 ; gain = 595.090
---------------------------------------------------------------------------------
---------------------------------------------------------------------------------
Start Applying XDC Timing Constraints
---------------------------------------------------------------------------------
---------------------------------------------------------------------------------
Finished Applying XDC Timing Constraints : Time (s): cpu = 00:00:02 ; elapsed = 00:00:18 . Memory (MB): peak = 1392.617 ; gain = 595.090
---------------------------------------------------------------------------------
---------------------------------------------------------------------------------
Start Timing Optimization
---------------------------------------------------------------------------------
---------------------------------------------------------------------------------
Finished Timing Optimization : Time (s): cpu = 00:00:02 ; elapsed = 00:00:18 . Memory (MB): peak = 1392.617 ; gain = 595.090
---------------------------------------------------------------------------------
---------------------------------------------------------------------------------
Start Technology Mapping
---------------------------------------------------------------------------------
---------------------------------------------------------------------------------
Finished Technology Mapping : Time (s): cpu = 00:00:02 ; elapsed = 00:00:19 . Memory (MB): peak = 1392.617 ; gain = 595.090
---------------------------------------------------------------------------------
---------------------------------------------------------------------------------
Start IO Insertion
---------------------------------------------------------------------------------
---------------------------------------------------------------------------------
Start Flattening Before IO Insertion
---------------------------------------------------------------------------------
---------------------------------------------------------------------------------
Finished Flattening Before IO Insertion
---------------------------------------------------------------------------------
---------------------------------------------------------------------------------
Start Final Netlist Cleanup
---------------------------------------------------------------------------------
---------------------------------------------------------------------------------
Finished Final Netlist Cleanup
---------------------------------------------------------------------------------
---------------------------------------------------------------------------------
Finished IO Insertion : Time (s): cpu = 00:00:02 ; elapsed = 00:00:21 . Memory (MB): peak = 1392.617 ; gain = 595.090
---------------------------------------------------------------------------------
---------------------------------------------------------------------------------
Start Renaming Generated Instances
---------------------------------------------------------------------------------
---------------------------------------------------------------------------------
Finished Renaming Generated Instances : Time (s): cpu = 00:00:02 ; elapsed = 00:00:21 . Memory (MB): peak = 1392.617 ; gain = 595.090
---------------------------------------------------------------------------------
---------------------------------------------------------------------------------
Start Rebuilding User Hierarchy
---------------------------------------------------------------------------------
---------------------------------------------------------------------------------
Finished Rebuilding User Hierarchy : Time (s): cpu = 00:00:02 ; elapsed = 00:00:21 . Memory (MB): peak = 1392.617 ; gain = 595.090
---------------------------------------------------------------------------------
---------------------------------------------------------------------------------
Start Renaming Generated Ports
---------------------------------------------------------------------------------
---------------------------------------------------------------------------------
Finished Renaming Generated Ports : Time (s): cpu = 00:00:02 ; elapsed = 00:00:21 . Memory (MB): peak = 1392.617 ; gain = 595.090
---------------------------------------------------------------------------------
---------------------------------------------------------------------------------
Start Handling Custom Attributes
---------------------------------------------------------------------------------
---------------------------------------------------------------------------------
Finished Handling Custom Attributes : Time (s): cpu = 00:00:02 ; elapsed = 00:00:21 . Memory (MB): peak = 1392.617 ; gain = 595.090
---------------------------------------------------------------------------------
---------------------------------------------------------------------------------
Start Renaming Generated Nets
---------------------------------------------------------------------------------
---------------------------------------------------------------------------------
Finished Renaming Generated Nets : Time (s): cpu = 00:00:02 ; elapsed = 00:00:21 . Memory (MB): peak = 1392.617 ; gain = 595.090
---------------------------------------------------------------------------------
---------------------------------------------------------------------------------
Start Writing Synthesis Report
---------------------------------------------------------------------------------

Report BlackBoxes: 
+-+--------------+----------+
| |BlackBox name |Instances |
+-+--------------+----------+
+-+--------------+----------+

Report Cell Usage: 
+------+-------+------+
|      |Cell   |Count |
+------+-------+------+
|1     |BUFG   |     1|
|2     |CARRY4 |    12|
|3     |LUT1   |     5|
|4     |LUT2   |     1|
|5     |LUT3   |     2|
|6     |LUT4   |    20|
|7     |LUT5   |     2|
|8     |LUT6   |    13|
|9     |FDRE   |    67|
|10    |IBUF   |     1|
|11    |OBUF   |    11|
+------+-------+------+
---------------------------------------------------------------------------------
Finished Writing Synthesis Report : Time (s): cpu = 00:00:02 ; elapsed = 00:00:21 . Memory (MB): peak = 1392.617 ; gain = 595.090
---------------------------------------------------------------------------------
Synthesis finished with 0 errors, 0 critical warnings and 1 warnings.
Synthesis Optimization Runtime : Time (s): cpu = 00:00:01 ; elapsed = 00:00:20 . Memory (MB): peak = 1392.617 ; gain = 498.512
Synthesis Optimization Complete : Time (s): cpu = 00:00:02 ; elapsed = 00:00:21 . Memory (MB): peak = 1392.617 ; gain = 595.090
INFO: [Project 1-571] Translating synthesized netlist
Netlist sorting complete. Time (s): cpu = 00:00:00 ; elapsed = 00:00:00.001 . Memory (MB): peak = 1392.617 ; gain = 0.000
INFO: [Netlist 29-17] Analyzing 12 Unisim elements for replacement
INFO: [Netlist 29-28] Unisim Transformation completed in 0 CPU seconds
INFO: [Project 1-570] Preparing netlist for logic optimization
INFO: [Opt 31-138] Pushed 0 inverter(s) to 0 load pin(s).
Netlist sorting complete. Time (s): cpu = 00:00:00 ; elapsed = 00:00:00 . Memory (MB): peak = 1392.617 ; gain = 0.000
INFO: [Project 1-111] Unisim Transformation Summary:
No Unisim elements were transformed.

Synth Design complete, checksum: a649f7db
INFO: [Common 17-83] Releasing license: Synthesis
38 Infos, 1 Warnings, 0 Critical Warnings and 0 Errors encountered.
synth_design completed successfully
synth_design: Time (s): cpu = 00:00:02 ; elapsed = 00:00:25 . Memory (MB): peak = 1392.617 ; gain = 973.051
INFO: [Common 17-1381] The checkpoint 'G:/My Drive/Classes/Fall 2023/FPGA Design/Code Drive/Lab 1  Decimal Push Button Counter/Decimal_Clock_Counter/Decimal_Clock_Counter.runs/synth_1/Top.dcp' has been generated.
INFO: [runtcl-4] Executing : report_utilization -file Top_utilization_synth.rpt -pb Top_utilization_synth.pb
INFO: [Common 17-206] Exiting Vivado at Sat Sep  9 20:58:15 2023...
